Arguments: 
  /home/harry/.nvm/versions/node/v10.13.0/bin/node /home/harry/.nvm/versions/node/v10.13.0/bin/yarn start:local

PATH: 
  /home/harry/go/bin:/home/harry/anaconda3/bin:/home/harry/.rbenv/shims:/home/harry/.rbenv/bin:/home/harry/.rbenv/shims:/home/harry/.vscode-server/bin/ee8c7def80afc00dd6e593ef12f37756d8f504ea/bin:/home/harry/.pyenv/bin:/home/harry/.rvm/gems/ruby-2.7.2/bin:/home/harry/.rvm/gems/ruby-2.7.2@global/bin:/home/harry/.rvm/rubies/ruby-2.7.2/bin:/home/harry/.local/bin:/home/harry/go/bin:/home/harry/anaconda3/bin:/home/harry/.nvm/versions/node/v10.13.0/bin:/home/harry/.rbenv/shims:/home/harry/.rbenv/bin:/home/harry/.rbenv/shims:/usr/local/sbin:/usr/local/bin:/usr/sbin:/usr/bin:/sbin:/bin:/usr/games:/usr/local/games:/mnt/c/Program Files/WindowsApps/CanonicalGroupLimited.UbuntuonWindows_2004.2021.825.0_x64__79rhkp1fndgsc:/mnt/c/WINDOWS/system32:/mnt/c/WINDOWS:/mnt/c/WINDOWS/System32/Wbem:/mnt/c/WINDOWS/System32/WindowsPowerShell/v1.0/:/mnt/c/WINDOWS/System32/OpenSSH/:/mnt/c/Program Files/Git/cmd:/mnt/c/Program Files/MATLAB/MATLAB Runtime/v92/runtime/win64:/mnt/c/Program Files/dotnet/:/mnt/c/Users/gaoha/AppData/Local/Programs/Python/Python39:/mnt/c/Users/gaoha/AppData/Local/Programs/Python/Python39/Scripts:/mnt/c/Program Files/Docker/Docker/resources/bin:/mnt/c/ProgramData/DockerDesktop/version-bin:/mnt/c/Users/gaoha/.cargo/bin:/mnt/c/Users/gaoha/AppData/Local/Microsoft/WindowsApps:/mnt/c/Users/gaoha/AppData/Local/Programs/Microsoft VS Code/bin:/mnt/c/Users/gaoha/.dotnet/tools:/mnt/c/Program Files/JetBrains/IntelliJ IDEA Community Edition 2021.2/bin:/mnt/c/Python34/Scripts:/snap/bin:/home/harry/.rvm/bin:/home/harry/.rvm/bin:/usr/local/go/bin:/home/harry/.rvm/bin

Yarn version: 
  1.22.10

Node version: 
  10.13.0

Platform: 
  linux x64

Trace: 
  SyntaxError: /home/harry/experiments/solidity/dockerized_hardhat/package.json: Unexpected token / in JSON at position 258
      at JSON.parse (<anonymous>)
      at /home/harry/.nvm/versions/node/v10.13.0/lib/node_modules/yarn/lib/cli.js:1625:59
      at Generator.next (<anonymous>)
      at step (/home/harry/.nvm/versions/node/v10.13.0/lib/node_modules/yarn/lib/cli.js:310:30)
      at /home/harry/.nvm/versions/node/v10.13.0/lib/node_modules/yarn/lib/cli.js:321:13

npm manifest: 
  {
    "name": "hardhat-docker",
    "scripts": {
      "start:local": "./node_modules/.bin/hardhat --config hardhat.config.local.js node",
      "docker_deploy:local": "./node_modules/.bin/hardhat --config hardhat.config.local.js --network localhost my-deploy",
      // "deploy:local":"./node_modules/.bin/hardhat --config hardhat.config.local.js --network localhost run scripts/sample-script.js",
      "test:local": "./node_modules/.bin/hardhat --config hardhat.config.local.js test",
      "compile:local": "./node_modules/.bin/hardhat --config hardhat.config.local.js compile"
    },
    "devDependencies": {
      "@nomiclabs/hardhat-ethers": "^2.0.2",
      "@nomiclabs/hardhat-waffle": "^2.0.1",
      "chai": "^4.3.4",
      "ethereum-waffle": "^3.4.0",
      "ethers": "^5.4.7",
      "hardhat": "^2.6.4"
    },
    "dependencies": {
      "dotenv": "^10.0.0"
    }
  }

yarn manifest: 
  No manifest

Lockfile: 
  No lockfile
